<?xml version="1.0" encoding="UTF-8"?>
<testng-results ignored="0" total="1" passed="1" failed="0" skipped="0">
  <reporter-output>
  </reporter-output>
  <suite started-at="2022-01-09T12:11:15 IST" name="Default suite" finished-at="2022-01-09T12:11:19 IST" duration-ms="3766">
    <groups>
    </groups>
    <test started-at="2022-01-09T12:11:15 IST" name="Default test" finished-at="2022-01-09T12:11:19 IST" duration-ms="3766">
      <class name="RestPostRequest">
        <test-method signature="Postrequest()[pri:0, instance:RestPostRequest@2e4b8173]" started-at="2022-01-09T12:11:15 IST" name="Postrequest" finished-at="2022-01-09T12:11:19 IST" duration-ms="3707" status="PASS">
          <reporter-output>
          </reporter-output>
        </test-method> <!-- Postrequest -->
      </class> <!-- RestPostRequest -->
    </test> <!-- Default test -->
  </suite> <!-- Default suite -->
</testng-results>
